<?xml version="1.0" encoding="UTF-8"?>
<testsuite name="BillUtilsTest" tests="4" skipped="0" failures="0" errors="0" timestamp="2024-07-31T08:28:30" hostname="DSOUSA-LX" time="0.039">
  <properties/>
  <testcase name="calculateNumberOfProductsThatStartWithAUsingIterativeModel()" classname="BillUtilsTest" time="0.028"/>
  <testcase name="calculateTotalAmountUsingStreamsBasedModel()" classname="BillUtilsTest" time="0.004"/>
  <testcase name="calculateTotalAmountUsingIterativeModel()" classname="BillUtilsTest" time="0.001"/>
  <testcase name="calculateNumberOfProductsThatStartWithAUsingStreamsBasedModel()" classname="BillUtilsTest" time="0.002"/>
  <system-out><![CDATA[]]></system-out>
  <system-err><![CDATA[]]></system-err>
</testsuite>
