<?xml version="1.0" encoding="UTF-8"?>
<testsuite name="BillUtilsTest" tests="4" skipped="0" failures="0" errors="0" timestamp="2023-07-11T11:21:51" hostname="PBERNALDEZ-LX" time="0.029">
  <properties/>
  <testcase name="calculateNumberOfProductsThatStartWithAUsingIterativeModel()" classname="BillUtilsTest" time="0.019"/>
  <testcase name="calculateTotalAmountUsingStreamsBasedModel()" classname="BillUtilsTest" time="0.003"/>
  <testcase name="calculateTotalAmountUsingIterativeModel()" classname="BillUtilsTest" time="0.001"/>
  <testcase name="calculateNumberOfProductsThatStartWithAUsingStreamsBasedModel()" classname="BillUtilsTest" time="0.003"/>
  <system-out><![CDATA[]]></system-out>
  <system-err><![CDATA[]]></system-err>
</testsuite>
